<?xml version="1.0" encoding="UTF-8"?>
<testng-results skipped="0" failed="0" ignored="0" total="1" passed="1">
  <reporter-output>
  </reporter-output>
  <suite name="Default suite" duration-ms="29741" started-at="2017-09-01T07:04:10Z" finished-at="2017-09-01T07:04:39Z">
    <groups>
    </groups>
    <test name="Default test" duration-ms="29741" started-at="2017-09-01T07:04:10Z" finished-at="2017-09-01T07:04:39Z">
      <class name="com.app.mobile.test.StartApplicationTest">
        <test-method status="PASS" signature="setUp()[pri:0, instance:com.app.mobile.test.StartApplicationTest@ae45eb6]" name="setUp" is-config="true" duration-ms="22354" started-at="2017-09-01T12:33:47Z" finished-at="2017-09-01T12:34:10Z">
          <reporter-output>
          </reporter-output>
        </test-method> <!-- setUp -->
        <test-method status="PASS" signature="launchAppTest()[pri:0, instance:com.app.mobile.test.StartApplicationTest@ae45eb6]" name="launchAppTest" duration-ms="29690" started-at="2017-09-01T12:34:10Z" finished-at="2017-09-01T12:34:39Z">
          <reporter-output>
          </reporter-output>
        </test-method> <!-- launchAppTest -->
      </class> <!-- com.app.mobile.test.StartApplicationTest -->
    </test> <!-- Default test -->
  </suite> <!-- Default suite -->
</testng-results>
